<?xml version="1.0" encoding="UTF-8"?>
<testsuite xmlns:xsi="http://www.w3.org/2001/XMLSchema-instance" xsi:noNamespaceSchemaLocation="https://maven.apache.org/surefire/maven-surefire-plugin/xsd/surefire-test-report-3.0.xsd" version="3.0" name="com.example.inventory_service.InventoryServiceApplicationTests" time="3.282" tests="1" errors="0" skipped="0" failures="0">
  <properties>
[...]
</properties>
  <testcase name="contextLoads" classname="com.example.inventory_service.InventoryServiceApplicationTests" time="0.275">
    <system-out><![CDATA[16:11:52.140 [main] INFO org.springframework.test.context.support.AnnotationConfigContextLoaderUtils -- Could not detect default configuration classes for test class [com.example.inventory_service.InventoryServiceApplicationTests]: InventoryServiceApplicationTests does not declare any static, non-private, non-final, nested classes annotated with @Configuration.
16:11:52.190 [main] INFO org.springframework.boot.test.context.SpringBootTestContextBootstrapper -- Found @SpringBootConfiguration com.example.inventory_service.InventoryServiceApplication for test class com.example.inventory_service.InventoryServiceApplicationTests
  .   ____          _            __ _ _
 /\\ / ___'_ __ _ _(_)_ __  __ _ \ \ \ \
( ( )\___ | '_ | '_| | '_ \/ _` | \ \ \ \
 \\/  ___)| |_)| | | | | || (_| |  ) ) ) )
  '  |____| .__|_| |_|_| |_\__, | / / / /
 =========|_|==============|___/=/_/_/_/

 :: Spring Boot ::                (v3.3.0)

2024-06-27T16:11:52.419+05:30  INFO 80705 --- [inventory-service] [           main] [                                                 ] c.e.i.InventoryServiceApplicationTests   : Starting InventoryServiceApplicationTests using Java 17.0.11 with PID 80705 (started by abdw31 in /home/abdw31/Desktop/microservices_newnew/inventory-service)
2024-06-27T16:11:52.421+05:30  INFO 80705 --- [inventory-service] [           main] [                                                 ] c.e.i.InventoryServiceApplicationTests   : No active profile set, falling back to 1 default profile: "default"
2024-06-27T16:11:52.894+05:30  INFO 80705 --- [inventory-service] [           main] [                                                 ] .s.d.r.c.RepositoryConfigurationDelegate : Bootstrapping Spring Data JPA repositories in DEFAULT mode.
2024-06-27T16:11:52.959+05:30  INFO 80705 --- [inventory-service] [           main] [                                                 ] .s.d.r.c.RepositoryConfigurationDelegate : Finished Spring Data repository scanning in 60 ms. Found 1 JPA repository interface.
2024-06-27T16:11:53.275+05:30  INFO 80705 --- [inventory-service] [           main] [                                                 ] o.hibernate.jpa.internal.util.LogHelper  : HHH000204: Processing PersistenceUnitInfo [name: default]
2024-06-27T16:11:53.302+05:30  INFO 80705 --- [inventory-service] [           main] [                                                 ] org.hibernate.Version                    : HHH000412: Hibernate ORM core version 6.5.2.Final
2024-06-27T16:11:53.317+05:30  INFO 80705 --- [inventory-service] [           main] [                                                 ] o.h.c.internal.RegionFactoryInitiator    : HHH000026: Second-level cache disabled
2024-06-27T16:11:53.464+05:30  INFO 80705 --- [inventory-service] [           main] [                                                 ] o.s.o.j.p.SpringPersistenceUnitInfo      : No LoadTimeWeaver setup: ignoring JPA class transformer
2024-06-27T16:11:53.476+05:30  INFO 80705 --- [inventory-service] [           main] [                                                 ] com.zaxxer.hikari.HikariDataSource       : HikariPool-1 - Starting...
2024-06-27T16:11:53.645+05:30  INFO 80705 --- [inventory-service] [           main] [                                                 ] com.zaxxer.hikari.pool.HikariPool        : HikariPool-1 - Added connection com.mysql.cj.jdbc.ConnectionImpl@729d6ee2
2024-06-27T16:11:53.647+05:30  INFO 80705 --- [inventory-service] [           main] [                                                 ] com.zaxxer.hikari.HikariDataSource       : HikariPool-1 - Start completed.
2024-06-27T16:11:53.674+05:30  WARN 80705 --- [inventory-service] [           main] [                                                 ] org.hibernate.orm.deprecation            : HHH90000025: MySQL8Dialect does not need to be specified explicitly using 'hibernate.dialect' (remove the property setting and it will be selected by default)
2024-06-27T16:11:53.675+05:30  WARN 80705 --- [inventory-service] [           main] [                                                 ] org.hibernate.orm.deprecation            : HHH90000026: MySQL8Dialect has been deprecated; use org.hibernate.dialect.MySQLDialect instead
2024-06-27T16:11:54.075+05:30  INFO 80705 --- [inventory-service] [           main] [                                                 ] o.h.e.t.j.p.i.JtaPlatformInitiator       : HHH000489: No JTA platform available (set 'hibernate.transaction.jta.platform' to enable JTA platform integration)
2024-06-27T16:11:54.100+05:30  INFO 80705 --- [inventory-service] [           main] [                                                 ] j.LocalContainerEntityManagerFactoryBean : Initialized JPA EntityManagerFactory for persistence unit 'default'
2024-06-27T16:11:54.405+05:30  WARN 80705 --- [inventory-service] [           main] [                                                 ] JpaBaseConfiguration$JpaWebConfiguration : spring.jpa.open-in-view is enabled by default. Therefore, database queries may be performed during view rendering. Explicitly configure spring.jpa.open-in-view to disable this warning
2024-06-27T16:11:54.939+05:30  INFO 80705 --- [inventory-service] [           main] [                                                 ] o.s.b.a.e.web.EndpointLinksResolver      : Exposing 1 endpoint beneath base path '/actuator'
2024-06-27T16:11:54.987+05:30  INFO 80705 --- [inventory-service] [           main] [                                                 ] c.e.i.InventoryServiceApplicationTests   : Started InventoryServiceApplicationTests in 2.731 seconds (process running for 3.285)
]]></system-out>
  </testcase>
</testsuite>